<?xml version="1.0" encoding="UTF-8"?>
<!-- Generated by org.testng.reporters.JUnitXMLReporter -->
<testsuite ignored="6" hostname="DEC1486" failures="0" tests="2" name="groupingtest" time="0.05" errors="0" timestamp="2025-07-31T22:39:32 IST">
  <testcase classname="day44.PaymentTest" name="paymentUsingDollare" time="0.008"/>
  <testcase classname="day44.PaymentTest" name="paymentUsingRupee" time="0.001"/>
  <testcase classname="day44.LoginTest" name="loginUsingFacebook" time="0.0">
    <ignored/>
  </testcase> <!-- loginUsingFacebook -->
  <testcase classname="day44.SignupTest" name="signUpEmail" time="0.0">
    <ignored/>
  </testcase> <!-- signUpEmail -->
  <testcase classname="day44.LoginTest" name="loginUsingEmail" time="0.0">
    <ignored/>
  </testcase> <!-- loginUsingEmail -->
  <testcase classname="day44.LoginTest" name="loginUsingTwitter" time="0.0">
    <ignored/>
  </testcase> <!-- loginUsingTwitter -->
  <testcase classname="day44.SignupTest" name="signUpFacebook" time="0.0">
    <ignored/>
  </testcase> <!-- signUpFacebook -->
  <testcase classname="day44.SignupTest" name="signUpTwitter" time="0.0">
    <ignored/>
  </testcase> <!-- signUpTwitter -->
</testsuite> <!-- groupingtest -->
