<?xml version="1.0" encoding="UTF-8"?>
<!-- Generated by org.testng.reporters.JUnitXMLReporter -->
<testsuite ignored="0" hostname="DEC1486" failures="0" tests="7" name="FirstTest" time="8.749" errors="0" timestamp="2025-07-29T19:46:07 IST">
  <testcase classname="day42.LoginOrangeHRM" name="openPage" time="3.33"/>
  <testcase classname="day42.LoginOrangeHRM" name="checkLogo" time="3.073"/>
  <testcase classname="day42.LoginOrangeHRM" name="userLogin" time="0.159"/>
  <testcase classname="day42.LoginOrangeHRM" name="closeApp" time="2.14"/>
  <testcase classname="day42.FirstTCTestNG" name="openpage" time="0.0"/>
  <testcase classname="day42.FirstTCTestNG" name="login" time="0.003"/>
  <testcase classname="day42.FirstTCTestNG" name="logout" time="0.002"/>
</testsuite> <!-- FirstTest -->
