<?xml version="1.0" encoding="UTF-8"?>
<testng-results ignored="6" total="8" passed="2" failed="0" skipped="0">
  <reporter-output>
  </reporter-output>
  <suite started-at="2025-07-31T22:39:32 IST" name="groupingsuite" finished-at="2025-07-31T22:39:32 IST" duration-ms="50">
    <groups>
      <group name="functional">
        <method signature="PaymentTest.paymentUsingDollare()[pri:1, instance:day44.PaymentTest@776aec5c]" name="paymentUsingDollare" class="day44.PaymentTest"/>
        <method signature="PaymentTest.paymentUsingRupee()[pri:1, instance:day44.PaymentTest@776aec5c]" name="paymentUsingRupee" class="day44.PaymentTest"/>
      </group> <!-- functional -->
      <group name="regression">
        <method signature="PaymentTest.paymentUsingDollare()[pri:1, instance:day44.PaymentTest@776aec5c]" name="paymentUsingDollare" class="day44.PaymentTest"/>
        <method signature="PaymentTest.paymentUsingRupee()[pri:1, instance:day44.PaymentTest@776aec5c]" name="paymentUsingRupee" class="day44.PaymentTest"/>
      </group> <!-- regression -->
      <group name="sanity">
        <method signature="PaymentTest.paymentUsingDollare()[pri:1, instance:day44.PaymentTest@776aec5c]" name="paymentUsingDollare" class="day44.PaymentTest"/>
        <method signature="PaymentTest.paymentUsingRupee()[pri:1, instance:day44.PaymentTest@776aec5c]" name="paymentUsingRupee" class="day44.PaymentTest"/>
      </group> <!-- sanity -->
    </groups>
    <test started-at="2025-07-31T22:39:32 IST" name="groupingtest" finished-at="2025-07-31T22:39:32 IST" duration-ms="50">
      <class name="day44.PaymentTest">
        <test-method signature="paymentUsingDollare()[pri:1, instance:day44.PaymentTest@776aec5c]" started-at="2025-07-31T22:39:32 IST" name="paymentUsingDollare" finished-at="2025-07-31T22:39:32 IST" duration-ms="8" status="PASS">
          <reporter-output>
          </reporter-output>
        </test-method> <!-- paymentUsingDollare -->
        <test-method signature="paymentUsingRupee()[pri:1, instance:day44.PaymentTest@776aec5c]" started-at="2025-07-31T22:39:32 IST" name="paymentUsingRupee" finished-at="2025-07-31T22:39:32 IST" duration-ms="1" status="PASS">
          <reporter-output>
          </reporter-output>
        </test-method> <!-- paymentUsingRupee -->
      </class> <!-- day44.PaymentTest -->
    </test> <!-- groupingtest -->
  </suite> <!-- groupingsuite -->
</testng-results>
